<?xml version="1.0" encoding="UTF-8"?>
<!-- Generated by org.testng.reporters.JUnitXMLReporter -->
<testsuite hostname="DESKTOP-HDLOFBK" ignored="0" name="Testing" tests="3" failures="0" timestamp="2023-02-09T15:25:07 IST" time="52.836" errors="0">
  <testcase name="external" time="52.762" classname="rahulshettyacademy.Sathviki.internal"/>
  <testcase name="projectexecution" time="0.002" classname="rahulshettyacademy.Sathviki.internal"/>
  <testcase name="projectexecution" time="0.004" classname="rahulshettyacademy.Sathviki.data"/>
</testsuite> <!-- Testing -->
