<?xml version="1.0" encoding="UTF-8"?>
<!-- Generated by org.testng.reporters.JUnitXMLReporter -->
<testsuite hostname="DESKTOP-HDLOFBK" ignored="0" name="Testing" tests="3" failures="0" timestamp="2023-04-22T05:37:45 IST" time="8.704" errors="0">
  <testcase name="external" time="8.606" classname="rahulshettyacademy.Sathviki.internal"/>
  <testcase name="projectexecution" time="0.001" classname="rahulshettyacademy.Sathviki.internal"/>
  <testcase name="projectexecution" time="0.0" classname="rahulshettyacademy.Sathviki.data"/>
</testsuite> <!-- Testing -->
